Success (18):
group 7 _e-0000d615-4c23-8000-da6f-010000010000_7 "All Users"
content 2908 _a-0000dac5-a263-8000-a06f-010000010000_2783 "Home Inspection Rules and Constants"
content 4410 3e94ce72-a9d1-44ee-a9de-bdc2173984d7 "offlineHomeInspection"
content 2904 _a-0000dab6-ef84-8000-edd9-010000010000_2741 "Home Inspections"
content 2905 _a-0000dab6-ef84-8000-edd9-010000010000_2742 "Home Inspections"
content 2906 _a-0000dab6-ef84-8000-edd9-010000010000_2743 "Home Inspections"
content 4406 _a-0000dac5-a263-8000-a06f-010000010000_2784 "HOME_INSPECTION_FILE_UPLOAD_FOLDER"
content 4407 _a-0000dac6-8f8c-8000-8d64-010000010000_2785 "HOME_INSPECTION_IS_FULL_FORM"
content 4411 43da072e-4675-4c99-aada-3b1b802b64de "offlineHomeInspectionFormToggle"
content 4404 _a-0000dad0-1103-8000-05ef-010000010000_2825 "HOME_INSPECTION_DEFAULT_HOUSE_IMAGE"
content 4408 _a-0000dad0-1103-8000-05ef-010000010000_2826 "HOME_INSPECTION_DEFAULT_SIGNATURE"
content 4405 _a-0000dad0-1103-8000-05ef-010000010000_2829 "HOME_INSPECTION_DEFAULT_HOUSE_IMAGE"
content 4409 _a-0000dad0-1103-8000-05ef-010000010000_2831 "HOME_INSPECTION_DEFAULT_SIGNATURE"
processModelFolder 25 _g-0000dac5-a267-8000-a072-010000010000_66 "Home Inspection Process Models"
processModel 56 0002dac5-ac83-8000-a072-010000010000 "offlineHomeInspection"
processModel 57 0003dac6-a2c8-8000-8d66-010000010000 "offlineHomeInspectionFormChanger"
application 3952 _a-0000dab6-2773-8000-1ebe-010000010000_3288 "Home Inspection"
recordType 10 687c7860-2c7c-4e19-8d1f-c2104295cce4 "Home Inspection"

Referenced precedents that were not exported (2):
group 8 0001d065-e6ac-8000-e6ac-65075c65075c
group 6 SYSTEM_GROUP_ROLE_DESIGNERS

Trace:
2016-02-03 19:27:00.682 DEBUG application 3952 _a-0000dab6-2773-8000-1ebe-010000010000_3288 Begin transport.
2016-02-03 19:27:00.682 DEBUG application 3952 _a-0000dab6-2773-8000-1ebe-010000010000_3288 Retrieving object data.
2016-02-03 19:27:00.685 DEBUG application 3952 _a-0000dab6-2773-8000-1ebe-010000010000_3288 App associated objects: GlobalIdMap[group=[_e-0000d615-4c23-8000-da6f-010000010000_7],content=[3e94ce72-a9d1-44ee-a9de-bdc2173984d7, _a-0000dab6-ef84-8000-edd9-010000010000_2743, _a-0000dab6-ef84-8000-edd9-010000010000_2742, _a-0000dab6-ef84-8000-edd9-010000010000_2741, _a-0000dac5-a263-8000-a06f-010000010000_2783, _a-0000dac5-a263-8000-a06f-010000010000_2784, _a-0000dac6-8f8c-8000-8d64-010000010000_2785, 43da072e-4675-4c99-aada-3b1b802b64de, _a-0000dad0-1103-8000-05ef-010000010000_2825, _a-0000dad0-1103-8000-05ef-010000010000_2826, _a-0000dad0-1103-8000-05ef-010000010000_2829, _a-0000dad0-1103-8000-05ef-010000010000_2831],processModelFolder=[_g-0000dac5-a267-8000-a072-010000010000_66],processModel=[0002dac5-ac83-8000-a072-010000010000, 0003dac6-a2c8-8000-8d66-010000010000],recordType=[687c7860-2c7c-4e19-8d1f-c2104295cce4]]
2016-02-03 19:27:00.69 DEBUG application 3952 _a-0000dab6-2773-8000-1ebe-010000010000_3288 Invalid associated objects: GlobalIdMap[]
2016-02-03 19:27:00.69 DEBUG application 3952 _a-0000dab6-2773-8000-1ebe-010000010000_3288 Adding valid associated objects to be exported: GlobalBindingMap[group={_e-0000d615-4c23-8000-da6f-010000010000_7=7},content={3e94ce72-a9d1-44ee-a9de-bdc2173984d7=4410, _a-0000dab6-ef84-8000-edd9-010000010000_2743=2906, _a-0000dab6-ef84-8000-edd9-010000010000_2742=2905, _a-0000dab6-ef84-8000-edd9-010000010000_2741=2904, _a-0000dac5-a263-8000-a06f-010000010000_2783=2908, _a-0000dac5-a263-8000-a06f-010000010000_2784=4406, _a-0000dac6-8f8c-8000-8d64-010000010000_2785=4407, 43da072e-4675-4c99-aada-3b1b802b64de=4411, _a-0000dad0-1103-8000-05ef-010000010000_2825=4404, _a-0000dad0-1103-8000-05ef-010000010000_2826=4408, _a-0000dad0-1103-8000-05ef-010000010000_2829=4405, _a-0000dad0-1103-8000-05ef-010000010000_2831=4409},processModelFolder={_g-0000dac5-a267-8000-a072-010000010000_66=25},processModel={0002dac5-ac83-8000-a072-010000010000=56, 0003dac6-a2c8-8000-8d66-010000010000=57},recordType={687c7860-2c7c-4e19-8d1f-c2104295cce4=10}]
2016-02-03 19:27:00.69 DEBUG application 3952 _a-0000dab6-2773-8000-1ebe-010000010000_3288 Setting uuids of object references.
2016-02-03 19:27:00.69 DEBUG application 3952 _a-0000dab6-2773-8000-1ebe-010000010000_3288 Processing reference: Application.forum
2016-02-03 19:27:00.69 DEBUG application 3952 _a-0000dab6-2773-8000-1ebe-010000010000_3288 Processing reference: Application.parent
2016-02-03 19:27:00.692 DEBUG application 3952 _a-0000dab6-2773-8000-1ebe-010000010000_3288 Processing reference: com.appiancorp.suiteapi.content.ContentRoleMap@c70d4ae[
  ContentRole[name=readers,inherit=false,allowForAll=true]
  ContentRole[name=authors,inherit=false,allowForAll=false]
  ContentRole[name=administrators,usernames=[Administrator],inherit=false,allowForAll=false]
  ContentRole[name=denyReaders,inherit=false,allowForAll=false]
  ContentRole[name=denyAuthors,inherit=false,allowForAll=false]
  ContentRole[name=denyAdministrators,inherit=false,allowForAll=false]
  securityVector=145:SEC_PUBLIC=true,SEC_CREATOR_ADMIN=true,SEC_INH_ADMIN=false,SEC_INH_EDITOR=false,SEC_INH_VIEWER=false,SEC_ALL_ADMIN=false,SEC_ALL_EDITOR=false,SEC_ALL_VIEWER=true
]
2016-02-03 19:27:00.692 DEBUG application 3952 _a-0000dab6-2773-8000-1ebe-010000010000_3288 Processing reference: ContentRole[name=readers,inherit=false,allowForAll=true]
2016-02-03 19:27:00.692 DEBUG application 3952 _a-0000dab6-2773-8000-1ebe-010000010000_3288 Processing reference: ContentRole[name=authors,inherit=false,allowForAll=false]
2016-02-03 19:27:00.692 DEBUG application 3952 _a-0000dab6-2773-8000-1ebe-010000010000_3288 Processing reference: ContentRole[name=administrators,usernames=[Administrator],inherit=false,allowForAll=false]
2016-02-03 19:27:00.692 DEBUG application 3952 _a-0000dab6-2773-8000-1ebe-010000010000_3288 Processing reference: ContentRole[name=denyReaders,inherit=false,allowForAll=false]
2016-02-03 19:27:00.692 DEBUG application 3952 _a-0000dab6-2773-8000-1ebe-010000010000_3288 Processing reference: ContentRole[name=denyAuthors,inherit=false,allowForAll=false]
2016-02-03 19:27:00.692 DEBUG application 3952 _a-0000dab6-2773-8000-1ebe-010000010000_3288 Processing reference: ContentRole[name=denyAdministrators,inherit=false,allowForAll=false]
2016-02-03 19:27:00.693 DEBUG group 7 _e-0000d615-4c23-8000-da6f-010000010000_7 Begin transport.
2016-02-03 19:27:00.693 DEBUG group 7 _e-0000d615-4c23-8000-da6f-010000010000_7 Retrieving object data.
2016-02-03 19:27:00.699 DEBUG group 7 _e-0000d615-4c23-8000-da6f-010000010000_7 Setting uuids of object references.
2016-02-03 19:27:00.699 DEBUG group 7 _e-0000d615-4c23-8000-da6f-010000010000_7 Processing reference: Role[name=<null>,usernames=[Administrator]]
2016-02-03 19:27:00.699 DEBUG group 7 _e-0000d615-4c23-8000-da6f-010000010000_7 Processing reference: Group.groupTypeId
2016-02-03 19:27:00.7 DEBUG group 7 _e-0000d615-4c23-8000-da6f-010000010000_7 Processing reference: Group.parentId
2016-02-03 19:27:00.701 DEBUG group 7 _e-0000d615-4c23-8000-da6f-010000010000_7 Processing reference: Group.homePageId
2016-02-03 19:27:00.701 DEBUG group 7 _e-0000d615-4c23-8000-da6f-010000010000_7 Processing reference: Role[name=<null>]
2016-02-03 19:27:00.701 DEBUG group 7 _e-0000d615-4c23-8000-da6f-010000010000_7 Processing reference: Expression[entityTypeName=u,conditions={Condition[attributeName=username,operatorId=6,operatorName=does not equal,value=&%$]}]
2016-02-03 19:27:00.701 DEBUG group 7 _e-0000d615-4c23-8000-da6f-010000010000_7 Exporting binary resources.
2016-02-03 19:27:00.701 DEBUG group 7 _e-0000d615-4c23-8000-da6f-010000010000_7 Serializing object to XML.
2016-02-03 19:27:00.701 DEBUG group 7 _e-0000d615-4c23-8000-da6f-010000010000_7 Object transported.
2016-02-03 19:27:00.702 DEBUG content 4410 3e94ce72-a9d1-44ee-a9de-bdc2173984d7 Begin transport.
2016-02-03 19:27:00.702 DEBUG content 4410 3e94ce72-a9d1-44ee-a9de-bdc2173984d7 Retrieving object data.
2016-02-03 19:27:00.709 DEBUG content 4410 3e94ce72-a9d1-44ee-a9de-bdc2173984d7 Setting uuids of object references.
2016-02-03 19:27:00.709 DEBUG content 4410 3e94ce72-a9d1-44ee-a9de-bdc2173984d7 Processing reference: [Content:id=2914,versionId=-1,name=offlineHomeInspection,description=Collect information about a home inspection,type=32,subtype=1,uuid=3e94ce72-a9d1-44ee-a9de-bdc2173984d7,parent=2908,parentName=Home Inspection Rules and Constants,parentType=2,log=4410,logName=offlineHomeInspection,state=255,visibility=35,security=15,creator=Administrator,createdTimestamp=2016-01-31 22:37:35.0,updatedTimestamp=2016-01-31 22:37:35.0,size=0,lockedBy=,changesRequireApproval=false,attributes={dep_rules=[Ljava.lang.Long;@76e721a1, system=0, preferredEditor=interface, hidden=0, offlineEnabled=true, ruletype=1, dep_functions=[Ljava.lang.String;@4b426bb0, definition=fn!load(
  with(

      /* Address Components */
    local!addressComponents: {
      a!textField(
        label: "Address",
        labelPosition: "ABOVE",
        /* The saveInto parameter must be configured in order to save a value */
        value: ri!homeOwnerAddress,
        saveInto: ri!homeOwnerAddress,
        refreshAfter: "UNFOCUS",
        required: true,
        readonly: ri!isReadOnly,
        validations: {},
        align: "LEFT"
        ),
      a!textField(
        label: "City",
        labelPosition: "ABOVE",
        /* The saveInto parameter must be configured in order to save a value */
        value: ri!homeOwnerCity,
        saveInto: ri!homeOwnerCity,
        refreshAfter: "UNFOCUS",
        required: true,
        readonly: ri!isReadOnly,
        validations: {},
        align: "LEFT"
      ),
      a!textField(
        label: "State/Province",
        labelPosition: "ABOVE",
        /* The saveInto parameter must be configured in order to save a value */
        value: ri!homeOwnerState,
        saveInto: ri!homeOwnerState,
        refreshAfter: "UNFOCUS",
        required: true,
        readonly: ri!isReadOnly,
        validations: {},
        align: "LEFT"
      ),
      a!textField(
        label: "Zip/Postal Code",
        labelPosition: "ABOVE",
        /* The saveInto parameter must be configured in order to save a value */
        value: ri!homeOwnerPostal,
        saveInto: ri!homeOwnerPostal,
        refreshAfter: "UNFOCUS",
        required: true,
        readonly: ri!isReadOnly,
        validations: {},
        align: "LEFT"
      )
    },

    /* Inspection Components */
    local!showDropDownInspectionType: cons!HOME_INSPECTION_IS_FULL_FORM,
    local!inspectionComponents: {
      if (local!showDropDownInspectionType,
        a!dropdownField(
          label: "Inspection Type",
          labelPosition: "ABOVE",
          choiceLabels: {"Mold", "Insulation", "Water Damage", "Efficiency"},
          placeholderLabel: "--- Select Inspection Type ---",
          choiceValues: {"Mold", "Insulation", "Water Damage", "Efficiency"},
          value: ri!inspectionType,
          saveInto: ri!inspectionType,
          required: true,
          readonly: ri!isReadOnly,
          disabled: ri!isReadOnly,
          validations: {}
        ),
        a!radioButtonField(
          label: "Inspection Type",
          labelPosition: "ABOVE",
          choiceLabels: {"Mold", "Insulation", "Water Damage", "Efficiency"},
          choiceValues: {"Mold", "Insulation", "Water Damage", "Efficiency"},
          value: if (isnull(ri!inspectionType), "Mold", ri!inspectionType),
          saveInto: ri!inspectionType,
          required: true,
          readonly: ri!isReadOnly,
          disabled: ri!isReadOnly,
          validations: {}
        )
      ),
      a!dateField(
        label: "Inspection Date",
        labelPosition: "ABOVE",
        value: today(),
        saveInto: ri!inspectionDate,
        validations: {},
        readonly: ri!isReadOnly,
        align: "LEFT"
      ),
    },

    /* Requested By Component */
    local!requestedByComponent: a!pickerFieldUsers(
      label: if (cons!HOME_INSPECTION_IS_FULL_FORM, "Requested By", "Inspector"),
      labelPosition: "ABOVE",
      value: ri!requestedBy,
      /* The saveInto parameter must be configured in order to save a value */
      saveInto: ri!requestedBy,
      required: false,
      readonly: true,
      validations: {}
    ),

    /* Home Owner Contact Info Components */
    local!olderGenerationHomeOwner: cons!HOME_INSPECTION_IS_FULL_FORM,
    local!homeOwnerContactInfoComponents: {
      a!textField(
        label: "Homeowner Name",
        labelPosition: "ABOVE",
        /* The saveInto parameter must be configured in order to save a value */
        value: ri!homeOwnerName,
        saveInto: ri!homeOwnerName,
        refreshAfter: "UNFOCUS",
        required: true,
        readonly: ri!isReadOnly,
        validations: {},
        align: "LEFT"
      ),
      a!textField(
        label: "Homeowner Email Address",
        labelPosition: "ABOVE",
        /* The saveInto parameter must be configured in order to save a value */
        value: ri!homeOwnerEmail,
        saveInto: ri!homeOwnerEmail,
        refreshAfter: "UNFOCUS",
        readonly: ri!isReadOnly,
        validations: {},
        align: "LEFT"
      ),
      if (local!olderGenerationHomeOwner,
        {
          a!textField(
            label: "Telephone",
            labelPosition: "ABOVE",
            value: ri!homeOwnerTelephone,
            saveInto: ri!homeOwnerTelephone,
            refreshAfter: "UNFOCUS",
            readonly: ri!isReadOnly,
            validations: {},
            align: "LEFT"
          )
        },
        {
          /* Nothing */
        }
      )
    },

    /* Home Image Components: Read-only & Editable */
    local!readonlyHomeImageComponent: a!imageField(
      label: "Images of Home",
      labelPosition: "ABOVE",
      size: "STANDARD",
      images: a!documentImage(if(isnull(ri!homeImage),
                  cons!HOME_INSPECTION_DEFAULT_HOUSE_IMAGE,
                  ri!homeImage)
      )
    ),
    local!editableHomeImageComponent: a!fileUploadField(
      label: "Images of Home",
      labelPosition: "ABOVE",
      instructions: "Add videos and/or images to show the state of the home during inspection.",
      target: cons!HOME_INSPECTION_FILE_UPLOAD_FOLDER,
      readonly: ri!isReadOnly,
      value: ri!homeImage,
      saveInto: ri!homeImage,
      validations: {}
    ),
    local!homeImageComponent: if (ri!isReadOnly,
        local!readonlyHomeImageComponent,
        local!editableHomeImageComponent
    ),

    /* Signature Components: Read-only & Editable */
    local!readonlySignatureComponent:a!imageField(
      label: "Homeowner Signature",
      labelPosition: "ABOVE",
      size: "STANDARD",
      images: a!documentImage(if(isnull(ri!signature),
                  cons!HOME_INSPECTION_DEFAULT_SIGNATURE,
                  ri!signature)
      )
    ),
    local!editableSignatureComponent:a!fileUploadField(
      label: "Homeowner Signature",
      labelPosition: "ABOVE",
      target: cons!HOME_INSPECTION_FILE_UPLOAD_FOLDER,
      value: ri!signature,
      readonly: ri!isReadOnly,
      saveInto: ri!signature,
      validations: {}
    ),
    local!signatureComponent:if (ri!isReadOnly,
      local!readonlySignatureComponent,
      local!editableSignatureComponent
    ),

    /* Field Notes Component */
    local!fieldNotesComponent:a!paragraphField(
      label: "Field Notes",
      labelPosition: "ABOVE",
      value: ri!notes,
      readonly: ri!isReadOnly,
      saveInto: ri!notes,
      refreshAfter: "UNFOCUS",
      validations: {}
    ),

    /* The actual form for the Home Inspection */
    a!formLayout(
      label: "Home Inspection",
      instructions: "Use this form on a mobile device to perform routine home inspections. The mobile device need not have an internet connection to complete this form."
    ,
      firstColumnContents: {
          a!sectionLayout(
            firstColumnContents: {
              local!requestedByComponent,
              local!inspectionComponents,
              local!homeOwnerContactInfoComponents,
              local!addressComponents
            },
            secondColumnContents: {}
          ),
          a!sectionLayout(
            label: "Inspection Notes",
            firstColumnContents: {
              local!homeImageComponent,
              local!fieldNotesComponent,
              local!signatureComponent
          },
          secondColumnContents: {}
          )
      },
      secondColumnContents: {},
      buttons: a!buttonLayout(
        primaryButtons: {
          a!buttonWidgetSubmit(
            label: "Submit",
            style: "PRIMARY",
            saveInto: {}
          )
        }
      ),
      validations: {}
    )
  )
)
, dep_types=[Ljava.lang.String;@1d535f3d, parameters=[Lcom.appiancorp.suiteapi.process.TypedVariable;@ca66c92, dep_variables=[[Ljava.lang.String;@4383ae8e},partition=3,partitionName=/usr/local/appian/ae/_admin/accdocs3]
2016-02-03 19:27:00.714 DEBUG content 4410 3e94ce72-a9d1-44ee-a9de-bdc2173984d7 Processing reference: FreeformRule.forum
2016-02-03 19:27:00.715 DEBUG content 4410 3e94ce72-a9d1-44ee-a9de-bdc2173984d7 Processing reference: TypedVariable[name=requestedBy,it=3,v=]
2016-02-03 19:27:00.715 DEBUG content 4410 3e94ce72-a9d1-44ee-a9de-bdc2173984d7 Processing reference: TypedVariable[name=inspectionType,it=3,v=]
2016-02-03 19:27:00.715 DEBUG content 4410 3e94ce72-a9d1-44ee-a9de-bdc2173984d7 Processing reference: TypedVariable[name=inspectionDate,it=7,v=<null>]
2016-02-03 19:27:00.715 DEBUG content 4410 3e94ce72-a9d1-44ee-a9de-bdc2173984d7 Processing reference: TypedVariable[name=homeOwnerName,it=3,v=]
2016-02-03 19:27:00.715 DEBUG content 4410 3e94ce72-a9d1-44ee-a9de-bdc2173984d7 Processing reference: TypedVariable[name=homeOwnerEmail,it=3,v=]
2016-02-03 19:27:00.715 DEBUG content 4410 3e94ce72-a9d1-44ee-a9de-bdc2173984d7 Processing reference: TypedVariable[name=homeOwnerAddress,it=3,v=]
2016-02-03 19:27:00.715 DEBUG content 4410 3e94ce72-a9d1-44ee-a9de-bdc2173984d7 Processing reference: TypedVariable[name=homeOwnerCity,it=3,v=]
2016-02-03 19:27:00.715 DEBUG content 4410 3e94ce72-a9d1-44ee-a9de-bdc2173984d7 Processing reference: TypedVariable[name=homeOwnerState,it=3,v=]
2016-02-03 19:27:00.715 DEBUG content 4410 3e94ce72-a9d1-44ee-a9de-bdc2173984d7 Processing reference: TypedVariable[name=homeOwnerPostal,it=3,v=]
2016-02-03 19:27:00.715 DEBUG content 4410 3e94ce72-a9d1-44ee-a9de-bdc2173984d7 Processing reference: TypedVariable[name=homeImage,it=13,v=<null>]
2016-02-03 19:27:00.715 DEBUG content 4410 3e94ce72-a9d1-44ee-a9de-bdc2173984d7 Processing reference: TypedVariable[name=notes,it=3,v=]
2016-02-03 19:27:00.715 DEBUG content 4410 3e94ce72-a9d1-44ee-a9de-bdc2173984d7 Processing reference: TypedVariable[name=signature,it=13,v=<null>]
2016-02-03 19:27:00.715 DEBUG content 4410 3e94ce72-a9d1-44ee-a9de-bdc2173984d7 Processing reference: TypedVariable[name=isReadOnly,it=26,v=<null>]
2016-02-03 19:27:00.715 DEBUG content 4410 3e94ce72-a9d1-44ee-a9de-bdc2173984d7 Processing reference: TypedVariable[name=homeOwnerTelephone,it=3,v=]
2016-02-03 19:27:00.715 DEBUG content 4410 3e94ce72-a9d1-44ee-a9de-bdc2173984d7 Processing reference: FreeformRule.parent
2016-02-03 19:27:00.716 DEBUG content 2908 _a-0000dac5-a263-8000-a06f-010000010000_2783 Begin transport.
2016-02-03 19:27:00.716 DEBUG content 2908 _a-0000dac5-a263-8000-a06f-010000010000_2783 Retrieving object data.
2016-02-03 19:27:00.722 DEBUG content 2908 _a-0000dac5-a263-8000-a06f-010000010000_2783 Setting uuids of object references.
2016-02-03 19:27:00.722 DEBUG content 2908 _a-0000dac5-a263-8000-a06f-010000010000_2783 Processing reference: RulesFolder.forum
2016-02-03 19:27:00.723 DEBUG content 2908 _a-0000dac5-a263-8000-a06f-010000010000_2783 Processing reference: RulesFolder.parent
2016-02-03 19:27:00.724 DEBUG content 2908 _a-0000dac5-a263-8000-a06f-010000010000_2783 Processing reference: com.appiancorp.suiteapi.content.ContentRoleMap@366f56d1[
  ContentRole[name=readers,inherit=true,allowForAll=false]
  ContentRole[name=authors,inherit=true,allowForAll=false]
  ContentRole[name=administrators,usernames=[Administrator],inherit=true,allowForAll=false]
  ContentRole[name=denyReaders,inherit=false,allowForAll=false]
  ContentRole[name=denyAuthors,inherit=false,allowForAll=false]
  ContentRole[name=denyAdministrators,inherit=false,allowForAll=false]
  securityVector=143:SEC_PUBLIC=true,SEC_CREATOR_ADMIN=true,SEC_INH_ADMIN=true,SEC_INH_EDITOR=true,SEC_INH_VIEWER=true,SEC_ALL_ADMIN=false,SEC_ALL_EDITOR=false,SEC_ALL_VIEWER=false
]
2016-02-03 19:27:00.724 DEBUG content 2908 _a-0000dac5-a263-8000-a06f-010000010000_2783 Processing reference: ContentRole[name=readers,inherit=true,allowForAll=false]
2016-02-03 19:27:00.724 DEBUG content 2908 _a-0000dac5-a263-8000-a06f-010000010000_2783 Processing reference: ContentRole[name=authors,inherit=true,allowForAll=false]
2016-02-03 19:27:00.724 DEBUG content 2908 _a-0000dac5-a263-8000-a06f-010000010000_2783 Processing reference: ContentRole[name=administrators,usernames=[Administrator],inherit=true,allowForAll=false]
2016-02-03 19:27:00.725 DEBUG content 2908 _a-0000dac5-a263-8000-a06f-010000010000_2783 Processing reference: ContentRole[name=denyReaders,inherit=false,allowForAll=false]
2016-02-03 19:27:00.725 DEBUG content 2908 _a-0000dac5-a263-8000-a06f-010000010000_2783 Processing reference: ContentRole[name=denyAuthors,inherit=false,allowForAll=false]
2016-02-03 19:27:00.725 DEBUG content 2908 _a-0000dac5-a263-8000-a06f-010000010000_2783 Processing reference: ContentRole[name=denyAdministrators,inherit=false,allowForAll=false]
2016-02-03 19:27:00.725 DEBUG content 2908 _a-0000dac5-a263-8000-a06f-010000010000_2783 Exporting binary resources.
2016-02-03 19:27:00.725 DEBUG content 2908 _a-0000dac5-a263-8000-a06f-010000010000_2783 Serializing object to XML.
2016-02-03 19:27:00.725 DEBUG content 2908 _a-0000dac5-a263-8000-a06f-010000010000_2783 Object transported.
2016-02-03 19:27:00.725 DEBUG content 4410 3e94ce72-a9d1-44ee-a9de-bdc2173984d7 Processing reference: com.appiancorp.suiteapi.content.ContentRoleMap@259436fb[
  ContentRole[name=readers,inherit=true,allowForAll=false]
  ContentRole[name=authors,inherit=true,allowForAll=false]
  ContentRole[name=administrators,inherit=true,allowForAll=false]
  ContentRole[name=denyReaders,inherit=false,allowForAll=false]
  ContentRole[name=denyAuthors,inherit=false,allowForAll=false]
  ContentRole[name=denyAdministrators,inherit=false,allowForAll=false]
  securityVector=15:SEC_PUBLIC=true,SEC_CREATOR_ADMIN=false,SEC_INH_ADMIN=true,SEC_INH_EDITOR=true,SEC_INH_VIEWER=true,SEC_ALL_ADMIN=false,SEC_ALL_EDITOR=false,SEC_ALL_VIEWER=false
]
2016-02-03 19:27:00.725 DEBUG content 4410 3e94ce72-a9d1-44ee-a9de-bdc2173984d7 Processing reference: ContentRole[name=readers,inherit=true,allowForAll=false]
2016-02-03 19:27:00.725 DEBUG content 4410 3e94ce72-a9d1-44ee-a9de-bdc2173984d7 Processing reference: ContentRole[name=authors,inherit=true,allowForAll=false]
2016-02-03 19:27:00.725 DEBUG content 4410 3e94ce72-a9d1-44ee-a9de-bdc2173984d7 Processing reference: ContentRole[name=administrators,inherit=true,allowForAll=false]
2016-02-03 19:27:00.725 DEBUG content 4410 3e94ce72-a9d1-44ee-a9de-bdc2173984d7 Processing reference: ContentRole[name=denyReaders,inherit=false,allowForAll=false]
2016-02-03 19:27:00.725 DEBUG content 4410 3e94ce72-a9d1-44ee-a9de-bdc2173984d7 Processing reference: ContentRole[name=denyAuthors,inherit=false,allowForAll=false]
2016-02-03 19:27:00.725 DEBUG content 4410 3e94ce72-a9d1-44ee-a9de-bdc2173984d7 Processing reference: ContentRole[name=denyAdministrators,inherit=false,allowForAll=false]
2016-02-03 19:27:00.725 DEBUG content 4410 3e94ce72-a9d1-44ee-a9de-bdc2173984d7 Exporting binary resources.
2016-02-03 19:27:00.725 DEBUG content 4410 3e94ce72-a9d1-44ee-a9de-bdc2173984d7 Serializing object to XML.
2016-02-03 19:27:00.739 DEBUG content 4410 3e94ce72-a9d1-44ee-a9de-bdc2173984d7 Object transported.
2016-02-03 19:27:00.739 DEBUG content 2906 _a-0000dab6-ef84-8000-edd9-010000010000_2743 Begin transport.
2016-02-03 19:27:00.739 DEBUG content 2906 _a-0000dab6-ef84-8000-edd9-010000010000_2743 Retrieving object data.
2016-02-03 19:27:00.745 DEBUG content 2906 _a-0000dab6-ef84-8000-edd9-010000010000_2743 Setting uuids of object references.
2016-02-03 19:27:00.745 DEBUG content 2906 _a-0000dab6-ef84-8000-edd9-010000010000_2743 Processing reference: KnowledgeFolder.forum
2016-02-03 19:27:00.746 DEBUG content 2906 _a-0000dab6-ef84-8000-edd9-010000010000_2743 Processing reference: KnowledgeFolder.parent
2016-02-03 19:27:00.747 DEBUG content 2905 _a-0000dab6-ef84-8000-edd9-010000010000_2742 Begin transport.
2016-02-03 19:27:00.747 DEBUG content 2905 _a-0000dab6-ef84-8000-edd9-010000010000_2742 Retrieving object data.
2016-02-03 19:27:00.752 DEBUG content 2905 _a-0000dab6-ef84-8000-edd9-010000010000_2742 Setting uuids of object references.
2016-02-03 19:27:00.752 DEBUG content 2905 _a-0000dab6-ef84-8000-edd9-010000010000_2742 Processing reference: CommunityKnowledgeCenter.forum
2016-02-03 19:27:00.753 DEBUG content 2905 _a-0000dab6-ef84-8000-edd9-010000010000_2742 Processing reference: CommunityKnowledgeCenter.parent
2016-02-03 19:27:00.754 DEBUG content 2904 _a-0000dab6-ef84-8000-edd9-010000010000_2741 Begin transport.
2016-02-03 19:27:00.754 DEBUG content 2904 _a-0000dab6-ef84-8000-edd9-010000010000_2741 Retrieving object data.
2016-02-03 19:27:00.76 DEBUG content 2904 _a-0000dab6-ef84-8000-edd9-010000010000_2741 Setting uuids of object references.
2016-02-03 19:27:00.76 DEBUG content 2904 _a-0000dab6-ef84-8000-edd9-010000010000_2741 Processing reference: Community.forum
2016-02-03 19:27:00.76 DEBUG content 2904 _a-0000dab6-ef84-8000-edd9-010000010000_2741 Processing reference: Community.parent
2016-02-03 19:27:00.761 DEBUG content 2904 _a-0000dab6-ef84-8000-edd9-010000010000_2741 Processing reference: com.appiancorp.suiteapi.content.ContentRoleMap@7dde5193[
  ContentRole[name=readers,inherit=false,allowForAll=true]
  ContentRole[name=authors,inherit=false,allowForAll=false]
  ContentRole[name=administrators,groupIds=[7],inherit=true,allowForAll=false]
  ContentRole[name=denyReaders,inherit=false,allowForAll=false]
  ContentRole[name=denyAuthors,inherit=false,allowForAll=false]
  ContentRole[name=denyAdministrators,inherit=false,allowForAll=false]
  securityVector=25:SEC_PUBLIC=true,SEC_CREATOR_ADMIN=false,SEC_INH_ADMIN=true,SEC_INH_EDITOR=false,SEC_INH_VIEWER=false,SEC_ALL_ADMIN=false,SEC_ALL_EDITOR=false,SEC_ALL_VIEWER=true
]
2016-02-03 19:27:00.761 DEBUG content 2904 _a-0000dab6-ef84-8000-edd9-010000010000_2741 Processing reference: ContentRole[name=readers,inherit=false,allowForAll=true]
2016-02-03 19:27:00.761 DEBUG content 2904 _a-0000dab6-ef84-8000-edd9-010000010000_2741 Processing reference: ContentRole[name=authors,inherit=false,allowForAll=false]
2016-02-03 19:27:00.761 DEBUG content 2904 _a-0000dab6-ef84-8000-edd9-010000010000_2741 Processing reference: ContentRole[name=administrators,groupIds=[7],inherit=true,allowForAll=false]
2016-02-03 19:27:00.762 DEBUG content 2904 _a-0000dab6-ef84-8000-edd9-010000010000_2741 Processing reference: ContentRole[name=denyReaders,inherit=false,allowForAll=false]
2016-02-03 19:27:00.762 DEBUG content 2904 _a-0000dab6-ef84-8000-edd9-010000010000_2741 Processing reference: ContentRole[name=denyAuthors,inherit=false,allowForAll=false]
2016-02-03 19:27:00.762 DEBUG content 2904 _a-0000dab6-ef84-8000-edd9-010000010000_2741 Processing reference: ContentRole[name=denyAdministrators,inherit=false,allowForAll=false]
2016-02-03 19:27:00.762 DEBUG content 2904 _a-0000dab6-ef84-8000-edd9-010000010000_2741 Exporting binary resources.
2016-02-03 19:27:00.762 DEBUG content 2904 _a-0000dab6-ef84-8000-edd9-010000010000_2741 Serializing object to XML.
2016-02-03 19:27:00.763 DEBUG content 2904 _a-0000dab6-ef84-8000-edd9-010000010000_2741 Object transported.
2016-02-03 19:27:00.763 DEBUG content 2905 _a-0000dab6-ef84-8000-edd9-010000010000_2742 Processing reference: com.appiancorp.suiteapi.content.ContentRoleMap@4ee547a3[
  ContentRole[name=readers,inherit=false,allowForAll=true]
  ContentRole[name=authors,inherit=false,allowForAll=false]
  ContentRole[name=administrators,inherit=true,allowForAll=false]
  ContentRole[name=denyReaders,inherit=false,allowForAll=false]
  ContentRole[name=denyAuthors,inherit=false,allowForAll=false]
  ContentRole[name=denyAdministrators,inherit=false,allowForAll=false]
  securityVector=25:SEC_PUBLIC=true,SEC_CREATOR_ADMIN=false,SEC_INH_ADMIN=true,SEC_INH_EDITOR=false,SEC_INH_VIEWER=false,SEC_ALL_ADMIN=false,SEC_ALL_EDITOR=false,SEC_ALL_VIEWER=true
]
2016-02-03 19:27:00.763 DEBUG content 2905 _a-0000dab6-ef84-8000-edd9-010000010000_2742 Processing reference: ContentRole[name=readers,inherit=false,allowForAll=true]
2016-02-03 19:27:00.763 DEBUG content 2905 _a-0000dab6-ef84-8000-edd9-010000010000_2742 Processing reference: ContentRole[name=authors,inherit=false,allowForAll=false]
2016-02-03 19:27:00.763 DEBUG content 2905 _a-0000dab6-ef84-8000-edd9-010000010000_2742 Processing reference: ContentRole[name=administrators,inherit=true,allowForAll=false]
2016-02-03 19:27:00.763 DEBUG content 2905 _a-0000dab6-ef84-8000-edd9-010000010000_2742 Processing reference: ContentRole[name=denyReaders,inherit=false,allowForAll=false]
2016-02-03 19:27:00.763 DEBUG content 2905 _a-0000dab6-ef84-8000-edd9-010000010000_2742 Processing reference: ContentRole[name=denyAuthors,inherit=false,allowForAll=false]
2016-02-03 19:27:00.763 DEBUG content 2905 _a-0000dab6-ef84-8000-edd9-010000010000_2742 Processing reference: ContentRole[name=denyAdministrators,inherit=false,allowForAll=false]
2016-02-03 19:27:00.763 DEBUG content 2905 _a-0000dab6-ef84-8000-edd9-010000010000_2742 Exporting binary resources.
2016-02-03 19:27:00.763 DEBUG content 2905 _a-0000dab6-ef84-8000-edd9-010000010000_2742 Serializing object to XML.
2016-02-03 19:27:00.763 DEBUG content 2905 _a-0000dab6-ef84-8000-edd9-010000010000_2742 Object transported.
2016-02-03 19:27:00.763 DEBUG content 2906 _a-0000dab6-ef84-8000-edd9-010000010000_2743 Processing reference: com.appiancorp.suiteapi.content.ContentRoleMap@7edd6f5f[
  ContentRole[name=readers,inherit=true,allowForAll=false]
  ContentRole[name=authors,inherit=true,allowForAll=false]
  ContentRole[name=administrators,inherit=true,allowForAll=false]
  ContentRole[name=denyReaders,inherit=false,allowForAll=false]
  ContentRole[name=denyAuthors,inherit=false,allowForAll=false]
  ContentRole[name=denyAdministrators,inherit=false,allowForAll=false]
  securityVector=15:SEC_PUBLIC=true,SEC_CREATOR_ADMIN=false,SEC_INH_ADMIN=true,SEC_INH_EDITOR=true,SEC_INH_VIEWER=true,SEC_ALL_ADMIN=false,SEC_ALL_EDITOR=false,SEC_ALL_VIEWER=false
]
2016-02-03 19:27:00.763 DEBUG content 2906 _a-0000dab6-ef84-8000-edd9-010000010000_2743 Processing reference: ContentRole[name=readers,inherit=true,allowForAll=false]
2016-02-03 19:27:00.763 DEBUG content 2906 _a-0000dab6-ef84-8000-edd9-010000010000_2743 Processing reference: ContentRole[name=authors,inherit=true,allowForAll=false]
2016-02-03 19:27:00.763 DEBUG content 2906 _a-0000dab6-ef84-8000-edd9-010000010000_2743 Processing reference: ContentRole[name=administrators,inherit=true,allowForAll=false]
2016-02-03 19:27:00.763 DEBUG content 2906 _a-0000dab6-ef84-8000-edd9-010000010000_2743 Processing reference: ContentRole[name=denyReaders,inherit=false,allowForAll=false]
2016-02-03 19:27:00.763 DEBUG content 2906 _a-0000dab6-ef84-8000-edd9-010000010000_2743 Processing reference: ContentRole[name=denyAuthors,inherit=false,allowForAll=false]
2016-02-03 19:27:00.763 DEBUG content 2906 _a-0000dab6-ef84-8000-edd9-010000010000_2743 Processing reference: ContentRole[name=denyAdministrators,inherit=false,allowForAll=false]
2016-02-03 19:27:00.763 DEBUG content 2906 _a-0000dab6-ef84-8000-edd9-010000010000_2743 Exporting binary resources.
2016-02-03 19:27:00.763 DEBUG content 2906 _a-0000dab6-ef84-8000-edd9-010000010000_2743 Serializing object to XML.
2016-02-03 19:27:00.763 DEBUG content 2906 _a-0000dab6-ef84-8000-edd9-010000010000_2743 Object transported.
2016-02-03 19:27:00.763 DEBUG content 4406 _a-0000dac5-a263-8000-a06f-010000010000_2784 Begin transport.
2016-02-03 19:27:00.763 DEBUG content 4406 _a-0000dac5-a263-8000-a06f-010000010000_2784 Retrieving object data.
2016-02-03 19:27:00.769 DEBUG content 4406 _a-0000dac5-a263-8000-a06f-010000010000_2784 Setting uuids of object references.
2016-02-03 19:27:00.769 DEBUG content 4406 _a-0000dac5-a263-8000-a06f-010000010000_2784 Processing reference: [Content:id=2910,versionId=-1,name=HOME_INSPECTION_FILE_UPLOAD_FOLDER,description=,type=32,subtype=0,uuid=_a-0000dac5-a263-8000-a06f-010000010000_2784,parent=2908,parentName=Home Inspection Rules and Constants,parentType=2,log=4406,logName=HOME_INSPECTION_FILE_UPLOAD_FOLDER,state=255,visibility=35,security=143,creator=Administrator,createdTimestamp=2016-01-31 22:37:35.0,updatedTimestamp=2016-01-31 22:37:35.0,size=0,lockedBy=,changesRequireApproval=false,attributes={system=0, hidden=0, ruletype=0, multiple=0, value=12289 2906, returnType=28},partition=3,partitionName=/usr/local/appian/ae/_admin/accdocs3]
2016-02-03 19:27:00.771 DEBUG content 4406 _a-0000dac5-a263-8000-a06f-010000010000_2784 Processing reference: Constant.forum
2016-02-03 19:27:00.771 DEBUG content 4406 _a-0000dac5-a263-8000-a06f-010000010000_2784 Processing reference: Constant.parent
2016-02-03 19:27:00.773 DEBUG content 4406 _a-0000dac5-a263-8000-a06f-010000010000_2784 Processing reference: com.appiancorp.suiteapi.content.ContentRoleMap@698ac18[
  ContentRole[name=readers,inherit=true,allowForAll=false]
  ContentRole[name=authors,inherit=true,allowForAll=false]
  ContentRole[name=administrators,usernames=[Administrator],inherit=true,allowForAll=false]
  ContentRole[name=denyReaders,inherit=false,allowForAll=false]
  ContentRole[name=denyAuthors,inherit=false,allowForAll=false]
  ContentRole[name=denyAdministrators,inherit=false,allowForAll=false]
  securityVector=143:SEC_PUBLIC=true,SEC_CREATOR_ADMIN=true,SEC_INH_ADMIN=true,SEC_INH_EDITOR=true,SEC_INH_VIEWER=true,SEC_ALL_ADMIN=false,SEC_ALL_EDITOR=false,SEC_ALL_VIEWER=false
]
2016-02-03 19:27:00.773 DEBUG content 4406 _a-0000dac5-a263-8000-a06f-010000010000_2784 Processing reference: ContentRole[name=readers,inherit=true,allowForAll=false]
2016-02-03 19:27:00.773 DEBUG content 4406 _a-0000dac5-a263-8000-a06f-010000010000_2784 Processing reference: ContentRole[name=authors,inherit=true,allowForAll=false]
2016-02-03 19:27:00.773 DEBUG content 4406 _a-0000dac5-a263-8000-a06f-010000010000_2784 Processing reference: ContentRole[name=administrators,usernames=[Administrator],inherit=true,allowForAll=false]
2016-02-03 19:27:00.773 DEBUG content 4406 _a-0000dac5-a263-8000-a06f-010000010000_2784 Processing reference: ContentRole[name=denyReaders,inherit=false,allowForAll=false]
2016-02-03 19:27:00.773 DEBUG content 4406 _a-0000dac5-a263-8000-a06f-010000010000_2784 Processing reference: ContentRole[name=denyAuthors,inherit=false,allowForAll=false]
2016-02-03 19:27:00.773 DEBUG content 4406 _a-0000dac5-a263-8000-a06f-010000010000_2784 Processing reference: ContentRole[name=denyAdministrators,inherit=false,allowForAll=false]
2016-02-03 19:27:00.773 DEBUG content 4406 _a-0000dac5-a263-8000-a06f-010000010000_2784 Exporting binary resources.
2016-02-03 19:27:00.773 DEBUG content 4406 _a-0000dac5-a263-8000-a06f-010000010000_2784 Serializing object to XML.
2016-02-03 19:27:00.775 DEBUG content 4406 _a-0000dac5-a263-8000-a06f-010000010000_2784 Object transported.
2016-02-03 19:27:00.775 DEBUG content 4407 _a-0000dac6-8f8c-8000-8d64-010000010000_2785 Begin transport.
2016-02-03 19:27:00.775 DEBUG content 4407 _a-0000dac6-8f8c-8000-8d64-010000010000_2785 Retrieving object data.
2016-02-03 19:27:00.78 DEBUG content 4407 _a-0000dac6-8f8c-8000-8d64-010000010000_2785 Setting uuids of object references.
2016-02-03 19:27:00.781 DEBUG content 4407 _a-0000dac6-8f8c-8000-8d64-010000010000_2785 Processing reference: [Content:id=2911,versionId=-1,name=HOME_INSPECTION_IS_FULL_FORM,description=A constant indicating whether or not the Home Inspection app should show the full form if true, or an abbreviated form if false.,type=32,subtype=0,uuid=_a-0000dac6-8f8c-8000-8d64-010000010000_2785,parent=2908,parentName=Home Inspection Rules and Constants,parentType=2,log=4407,logName=HOME_INSPECTION_IS_FULL_FORM,state=255,visibility=35,security=15,creator=Administrator,createdTimestamp=2016-01-31 22:37:35.0,updatedTimestamp=2016-01-31 22:37:35.0,size=0,lockedBy=,changesRequireApproval=false,attributes={system=0, hidden=0, ruletype=0, multiple=0, value=1, returnType=26},partition=1,partitionName=/usr/local/appian/ae/_admin/accdocs1]
2016-02-03 19:27:00.781 DEBUG content 4407 _a-0000dac6-8f8c-8000-8d64-010000010000_2785 Processing reference: Constant.forum
2016-02-03 19:27:00.781 DEBUG content 4407 _a-0000dac6-8f8c-8000-8d64-010000010000_2785 Processing reference: Constant.parent
2016-02-03 19:27:00.782 DEBUG content 4407 _a-0000dac6-8f8c-8000-8d64-010000010000_2785 Processing reference: com.appiancorp.suiteapi.content.ContentRoleMap@3678a8c0[
  ContentRole[name=readers,inherit=true,allowForAll=false]
  ContentRole[name=authors,inherit=true,allowForAll=false]
  ContentRole[name=administrators,inherit=true,allowForAll=false]
  ContentRole[name=denyReaders,inherit=false,allowForAll=false]
  ContentRole[name=denyAuthors,inherit=false,allowForAll=false]
  ContentRole[name=denyAdministrators,inherit=false,allowForAll=false]
  securityVector=15:SEC_PUBLIC=true,SEC_CREATOR_ADMIN=false,SEC_INH_ADMIN=true,SEC_INH_EDITOR=true,SEC_INH_VIEWER=true,SEC_ALL_ADMIN=false,SEC_ALL_EDITOR=false,SEC_ALL_VIEWER=false
]
2016-02-03 19:27:00.782 DEBUG content 4407 _a-0000dac6-8f8c-8000-8d64-010000010000_2785 Processing reference: ContentRole[name=readers,inherit=true,allowForAll=false]
2016-02-03 19:27:00.782 DEBUG content 4407 _a-0000dac6-8f8c-8000-8d64-010000010000_2785 Processing reference: ContentRole[name=authors,inherit=true,allowForAll=false]
2016-02-03 19:27:00.782 DEBUG content 4407 _a-0000dac6-8f8c-8000-8d64-010000010000_2785 Processing reference: ContentRole[name=administrators,inherit=true,allowForAll=false]
2016-02-03 19:27:00.782 DEBUG content 4407 _a-0000dac6-8f8c-8000-8d64-010000010000_2785 Processing reference: ContentRole[name=denyReaders,inherit=false,allowForAll=false]
2016-02-03 19:27:00.782 DEBUG content 4407 _a-0000dac6-8f8c-8000-8d64-010000010000_2785 Processing reference: ContentRole[name=denyAuthors,inherit=false,allowForAll=false]
2016-02-03 19:27:00.782 DEBUG content 4407 _a-0000dac6-8f8c-8000-8d64-010000010000_2785 Processing reference: ContentRole[name=denyAdministrators,inherit=false,allowForAll=false]
2016-02-03 19:27:00.782 DEBUG content 4407 _a-0000dac6-8f8c-8000-8d64-010000010000_2785 Exporting binary resources.
2016-02-03 19:27:00.782 DEBUG content 4407 _a-0000dac6-8f8c-8000-8d64-010000010000_2785 Serializing object to XML.
2016-02-03 19:27:00.784 DEBUG content 4407 _a-0000dac6-8f8c-8000-8d64-010000010000_2785 Object transported.
2016-02-03 19:27:00.784 DEBUG content 4411 43da072e-4675-4c99-aada-3b1b802b64de Begin transport.
2016-02-03 19:27:00.784 DEBUG content 4411 43da072e-4675-4c99-aada-3b1b802b64de Retrieving object data.
2016-02-03 19:27:00.789 DEBUG content 4411 43da072e-4675-4c99-aada-3b1b802b64de Setting uuids of object references.
2016-02-03 19:27:00.789 DEBUG content 4411 43da072e-4675-4c99-aada-3b1b802b64de Processing reference: [Content:id=2915,versionId=-1,name=offlineHomeInspectionFormToggle,description=An expression to generate a UI that toggles the Home Inspection form from the full version to the abbreviated version for Offline Mobile testing.,type=32,subtype=1,uuid=43da072e-4675-4c99-aada-3b1b802b64de,parent=2908,parentName=Home Inspection Rules and Constants,parentType=2,log=4411,logName=offlineHomeInspectionFormToggle,state=255,visibility=35,security=15,creator=Administrator,createdTimestamp=2016-01-31 22:37:35.0,updatedTimestamp=2016-01-31 22:37:36.0,size=0,lockedBy=,changesRequireApproval=false,attributes={dep_rules=[Ljava.lang.Long;@97cb45, system=0, preferredEditor=interface, hidden=0, offlineEnabled=true, ruletype=1, dep_functions=[Ljava.lang.String;@159b5f84, definition==a!formLayout(
  label: "Toggle Home Inspection Form",
  instructions: "Press Submit to change the form from true to false and from false to true.",
  firstColumnContents: {},
  secondColumnContents: {
    /* Add components here for a two-column form */
  },
  buttons: a!buttonLayout(
    primaryButtons: {
      a!buttonWidgetSubmit(
        label: "Submit",
        style: "PRIMARY",
        saveInto: {}
      )
    }
  ),
  validations: {}
), dep_types=[Ljava.lang.String;@52f57b72, parameters=[Lcom.appiancorp.suiteapi.process.TypedVariable;@5349532b, dep_variables=[[Ljava.lang.String;@6d3a77e4},partition=1,partitionName=/usr/local/appian/ae/_admin/accdocs1]
2016-02-03 19:27:00.789 DEBUG content 4411 43da072e-4675-4c99-aada-3b1b802b64de Processing reference: FreeformRule.forum
2016-02-03 19:27:00.79 DEBUG content 4411 43da072e-4675-4c99-aada-3b1b802b64de Processing reference: FreeformRule.parent
2016-02-03 19:27:00.791 DEBUG content 4411 43da072e-4675-4c99-aada-3b1b802b64de Processing reference: com.appiancorp.suiteapi.content.ContentRoleMap@2a36e50f[
  ContentRole[name=readers,inherit=true,allowForAll=false]
  ContentRole[name=authors,inherit=true,allowForAll=false]
  ContentRole[name=administrators,inherit=true,allowForAll=false]
  ContentRole[name=denyReaders,inherit=false,allowForAll=false]
  ContentRole[name=denyAuthors,inherit=false,allowForAll=false]
  ContentRole[name=denyAdministrators,inherit=false,allowForAll=false]
  securityVector=15:SEC_PUBLIC=true,SEC_CREATOR_ADMIN=false,SEC_INH_ADMIN=true,SEC_INH_EDITOR=true,SEC_INH_VIEWER=true,SEC_ALL_ADMIN=false,SEC_ALL_EDITOR=false,SEC_ALL_VIEWER=false
]
2016-02-03 19:27:00.791 DEBUG content 4411 43da072e-4675-4c99-aada-3b1b802b64de Processing reference: ContentRole[name=readers,inherit=true,allowForAll=false]
2016-02-03 19:27:00.791 DEBUG content 4411 43da072e-4675-4c99-aada-3b1b802b64de Processing reference: ContentRole[name=authors,inherit=true,allowForAll=false]
2016-02-03 19:27:00.791 DEBUG content 4411 43da072e-4675-4c99-aada-3b1b802b64de Processing reference: ContentRole[name=administrators,inherit=true,allowForAll=false]
2016-02-03 19:27:00.791 DEBUG content 4411 43da072e-4675-4c99-aada-3b1b802b64de Processing reference: ContentRole[name=denyReaders,inherit=false,allowForAll=false]
2016-02-03 19:27:00.791 DEBUG content 4411 43da072e-4675-4c99-aada-3b1b802b64de Processing reference: ContentRole[name=denyAuthors,inherit=false,allowForAll=false]
2016-02-03 19:27:00.791 DEBUG content 4411 43da072e-4675-4c99-aada-3b1b802b64de Processing reference: ContentRole[name=denyAdministrators,inherit=false,allowForAll=false]
2016-02-03 19:27:00.791 DEBUG content 4411 43da072e-4675-4c99-aada-3b1b802b64de Exporting binary resources.
2016-02-03 19:27:00.791 DEBUG content 4411 43da072e-4675-4c99-aada-3b1b802b64de Serializing object to XML.
2016-02-03 19:27:00.792 DEBUG content 4411 43da072e-4675-4c99-aada-3b1b802b64de Object transported.
2016-02-03 19:27:00.792 DEBUG content 4404 _a-0000dad0-1103-8000-05ef-010000010000_2825 Begin transport.
2016-02-03 19:27:00.792 DEBUG content 4404 _a-0000dad0-1103-8000-05ef-010000010000_2825 Retrieving object data.
2016-02-03 19:27:00.797 DEBUG content 4404 _a-0000dad0-1103-8000-05ef-010000010000_2825 Setting uuids of object references.
2016-02-03 19:27:00.797 DEBUG content 4404 _a-0000dad0-1103-8000-05ef-010000010000_2825 Processing reference: Document.forum
2016-02-03 19:27:00.798 DEBUG content 4404 _a-0000dad0-1103-8000-05ef-010000010000_2825 Processing reference: Document.parent
2016-02-03 19:27:00.799 DEBUG content 4404 _a-0000dad0-1103-8000-05ef-010000010000_2825 Processing reference: com.appiancorp.suiteapi.content.ContentRoleMap@a28b191[
  ContentRole[name=readers,inherit=true,allowForAll=false]
  ContentRole[name=authors,inherit=true,allowForAll=false]
  ContentRole[name=administrators,usernames=[Administrator],inherit=true,allowForAll=false]
  ContentRole[name=denyReaders,inherit=false,allowForAll=false]
  ContentRole[name=denyAuthors,inherit=false,allowForAll=false]
  ContentRole[name=denyAdministrators,inherit=false,allowForAll=false]
  securityVector=143:SEC_PUBLIC=true,SEC_CREATOR_ADMIN=true,SEC_INH_ADMIN=true,SEC_INH_EDITOR=true,SEC_INH_VIEWER=true,SEC_ALL_ADMIN=false,SEC_ALL_EDITOR=false,SEC_ALL_VIEWER=false
]
2016-02-03 19:27:00.799 DEBUG content 4404 _a-0000dad0-1103-8000-05ef-010000010000_2825 Processing reference: ContentRole[name=readers,inherit=true,allowForAll=false]
2016-02-03 19:27:00.799 DEBUG content 4404 _a-0000dad0-1103-8000-05ef-010000010000_2825 Processing reference: ContentRole[name=authors,inherit=true,allowForAll=false]
2016-02-03 19:27:00.799 DEBUG content 4404 _a-0000dad0-1103-8000-05ef-010000010000_2825 Processing reference: ContentRole[name=administrators,usernames=[Administrator],inherit=true,allowForAll=false]
2016-02-03 19:27:00.8 DEBUG content 4404 _a-0000dad0-1103-8000-05ef-010000010000_2825 Processing reference: ContentRole[name=denyReaders,inherit=false,allowForAll=false]
2016-02-03 19:27:00.8 DEBUG content 4404 _a-0000dad0-1103-8000-05ef-010000010000_2825 Processing reference: ContentRole[name=denyAuthors,inherit=false,allowForAll=false]
2016-02-03 19:27:00.8 DEBUG content 4404 _a-0000dad0-1103-8000-05ef-010000010000_2825 Processing reference: ContentRole[name=denyAdministrators,inherit=false,allowForAll=false]
2016-02-03 19:27:00.8 DEBUG content 4404 _a-0000dad0-1103-8000-05ef-010000010000_2825 Exporting binary resources.
2016-02-03 19:27:00.827 DEBUG content 4404 _a-0000dad0-1103-8000-05ef-010000010000_2825 Serializing object to XML.
2016-02-03 19:27:00.827 DEBUG content 4404 _a-0000dad0-1103-8000-05ef-010000010000_2825 Object transported.
2016-02-03 19:27:00.827 DEBUG content 4408 _a-0000dad0-1103-8000-05ef-010000010000_2826 Begin transport.
2016-02-03 19:27:00.827 DEBUG content 4408 _a-0000dad0-1103-8000-05ef-010000010000_2826 Retrieving object data.
2016-02-03 19:27:00.833 DEBUG content 4408 _a-0000dad0-1103-8000-05ef-010000010000_2826 Setting uuids of object references.
2016-02-03 19:27:00.833 DEBUG content 4408 _a-0000dad0-1103-8000-05ef-010000010000_2826 Processing reference: Document.forum
2016-02-03 19:27:00.834 DEBUG content 4408 _a-0000dad0-1103-8000-05ef-010000010000_2826 Processing reference: Document.parent
2016-02-03 19:27:00.835 DEBUG content 4408 _a-0000dad0-1103-8000-05ef-010000010000_2826 Processing reference: com.appiancorp.suiteapi.content.ContentRoleMap@14fd7811[
  ContentRole[name=readers,inherit=true,allowForAll=false]
  ContentRole[name=authors,inherit=true,allowForAll=false]
  ContentRole[name=administrators,usernames=[Administrator],inherit=true,allowForAll=false]
  ContentRole[name=denyReaders,inherit=false,allowForAll=false]
  ContentRole[name=denyAuthors,inherit=false,allowForAll=false]
  ContentRole[name=denyAdministrators,inherit=false,allowForAll=false]
  securityVector=143:SEC_PUBLIC=true,SEC_CREATOR_ADMIN=true,SEC_INH_ADMIN=true,SEC_INH_EDITOR=true,SEC_INH_VIEWER=true,SEC_ALL_ADMIN=false,SEC_ALL_EDITOR=false,SEC_ALL_VIEWER=false
]
2016-02-03 19:27:00.835 DEBUG content 4408 _a-0000dad0-1103-8000-05ef-010000010000_2826 Processing reference: ContentRole[name=readers,inherit=true,allowForAll=false]
2016-02-03 19:27:00.835 DEBUG content 4408 _a-0000dad0-1103-8000-05ef-010000010000_2826 Processing reference: ContentRole[name=authors,inherit=true,allowForAll=false]
2016-02-03 19:27:00.835 DEBUG content 4408 _a-0000dad0-1103-8000-05ef-010000010000_2826 Processing reference: ContentRole[name=administrators,usernames=[Administrator],inherit=true,allowForAll=false]
2016-02-03 19:27:00.836 DEBUG content 4408 _a-0000dad0-1103-8000-05ef-010000010000_2826 Processing reference: ContentRole[name=denyReaders,inherit=false,allowForAll=false]
2016-02-03 19:27:00.836 DEBUG content 4408 _a-0000dad0-1103-8000-05ef-010000010000_2826 Processing reference: ContentRole[name=denyAuthors,inherit=false,allowForAll=false]
2016-02-03 19:27:00.836 DEBUG content 4408 _a-0000dad0-1103-8000-05ef-010000010000_2826 Processing reference: ContentRole[name=denyAdministrators,inherit=false,allowForAll=false]
2016-02-03 19:27:00.836 DEBUG content 4408 _a-0000dad0-1103-8000-05ef-010000010000_2826 Exporting binary resources.
2016-02-03 19:27:00.837 DEBUG content 4408 _a-0000dad0-1103-8000-05ef-010000010000_2826 Serializing object to XML.
2016-02-03 19:27:00.837 DEBUG content 4408 _a-0000dad0-1103-8000-05ef-010000010000_2826 Object transported.
2016-02-03 19:27:00.837 DEBUG content 4405 _a-0000dad0-1103-8000-05ef-010000010000_2829 Begin transport.
2016-02-03 19:27:00.837 DEBUG content 4405 _a-0000dad0-1103-8000-05ef-010000010000_2829 Retrieving object data.
2016-02-03 19:27:00.843 DEBUG content 4405 _a-0000dad0-1103-8000-05ef-010000010000_2829 Setting uuids of object references.
2016-02-03 19:27:00.843 DEBUG content 4405 _a-0000dad0-1103-8000-05ef-010000010000_2829 Processing reference: [Content:id=2909,versionId=-1,name=HOME_INSPECTION_DEFAULT_HOUSE_IMAGE,description=The default image for a home image provided when the home inspector fails to provide an image.,type=32,subtype=0,uuid=_a-0000dad0-1103-8000-05ef-010000010000_2829,parent=2908,parentName=Home Inspection Rules and Constants,parentType=2,log=4405,logName=HOME_INSPECTION_DEFAULT_HOUSE_IMAGE,state=255,visibility=35,security=143,creator=Administrator,createdTimestamp=2016-01-31 22:37:35.0,updatedTimestamp=2016-01-31 22:37:35.0,size=0,lockedBy=,changesRequireApproval=false,attributes={system=0, hidden=0, ruletype=0, multiple=0, value=4404, returnType=13},partition=2,partitionName=/usr/local/appian/ae/_admin/accdocs2]
2016-02-03 19:27:00.844 DEBUG content 4405 _a-0000dad0-1103-8000-05ef-010000010000_2829 Processing reference: Constant.forum
2016-02-03 19:27:00.844 DEBUG content 4405 _a-0000dad0-1103-8000-05ef-010000010000_2829 Processing reference: Constant.parent
2016-02-03 19:27:00.846 DEBUG content 4405 _a-0000dad0-1103-8000-05ef-010000010000_2829 Processing reference: com.appiancorp.suiteapi.content.ContentRoleMap@7c0bd9d2[
  ContentRole[name=readers,inherit=true,allowForAll=false]
  ContentRole[name=authors,inherit=true,allowForAll=false]
  ContentRole[name=administrators,usernames=[Administrator],inherit=true,allowForAll=false]
  ContentRole[name=denyReaders,inherit=false,allowForAll=false]
  ContentRole[name=denyAuthors,inherit=false,allowForAll=false]
  ContentRole[name=denyAdministrators,inherit=false,allowForAll=false]
  securityVector=143:SEC_PUBLIC=true,SEC_CREATOR_ADMIN=true,SEC_INH_ADMIN=true,SEC_INH_EDITOR=true,SEC_INH_VIEWER=true,SEC_ALL_ADMIN=false,SEC_ALL_EDITOR=false,SEC_ALL_VIEWER=false
]
2016-02-03 19:27:00.846 DEBUG content 4405 _a-0000dad0-1103-8000-05ef-010000010000_2829 Processing reference: ContentRole[name=readers,inherit=true,allowForAll=false]
2016-02-03 19:27:00.846 DEBUG content 4405 _a-0000dad0-1103-8000-05ef-010000010000_2829 Processing reference: ContentRole[name=authors,inherit=true,allowForAll=false]
2016-02-03 19:27:00.846 DEBUG content 4405 _a-0000dad0-1103-8000-05ef-010000010000_2829 Processing reference: ContentRole[name=administrators,usernames=[Administrator],inherit=true,allowForAll=false]
2016-02-03 19:27:00.847 DEBUG content 4405 _a-0000dad0-1103-8000-05ef-010000010000_2829 Processing reference: ContentRole[name=denyReaders,inherit=false,allowForAll=false]
2016-02-03 19:27:00.847 DEBUG content 4405 _a-0000dad0-1103-8000-05ef-010000010000_2829 Processing reference: ContentRole[name=denyAuthors,inherit=false,allowForAll=false]
2016-02-03 19:27:00.847 DEBUG content 4405 _a-0000dad0-1103-8000-05ef-010000010000_2829 Processing reference: ContentRole[name=denyAdministrators,inherit=false,allowForAll=false]
2016-02-03 19:27:00.847 DEBUG content 4405 _a-0000dad0-1103-8000-05ef-010000010000_2829 Exporting binary resources.
2016-02-03 19:27:00.847 DEBUG content 4405 _a-0000dad0-1103-8000-05ef-010000010000_2829 Serializing object to XML.
2016-02-03 19:27:00.848 DEBUG content 4405 _a-0000dad0-1103-8000-05ef-010000010000_2829 Object transported.
2016-02-03 19:27:00.848 DEBUG content 4409 _a-0000dad0-1103-8000-05ef-010000010000_2831 Begin transport.
2016-02-03 19:27:00.848 DEBUG content 4409 _a-0000dad0-1103-8000-05ef-010000010000_2831 Retrieving object data.
2016-02-03 19:27:00.854 DEBUG content 4409 _a-0000dad0-1103-8000-05ef-010000010000_2831 Setting uuids of object references.
2016-02-03 19:27:00.854 DEBUG content 4409 _a-0000dad0-1103-8000-05ef-010000010000_2831 Processing reference: [Content:id=2913,versionId=-1,name=HOME_INSPECTION_DEFAULT_SIGNATURE,description=A default signature sample provided when the home inspector does not provide an image.,type=32,subtype=0,uuid=_a-0000dad0-1103-8000-05ef-010000010000_2831,parent=2908,parentName=Home Inspection Rules and Constants,parentType=2,log=4409,logName=HOME_INSPECTION_DEFAULT_SIGNATURE,state=255,visibility=35,security=143,creator=Administrator,createdTimestamp=2016-01-31 22:37:35.0,updatedTimestamp=2016-01-31 22:37:35.0,size=0,lockedBy=,changesRequireApproval=false,attributes={system=0, hidden=0, ruletype=0, multiple=0, value=4408, returnType=13},partition=2,partitionName=/usr/local/appian/ae/_admin/accdocs2]
2016-02-03 19:27:00.855 DEBUG content 4409 _a-0000dad0-1103-8000-05ef-010000010000_2831 Processing reference: Constant.forum
2016-02-03 19:27:00.855 DEBUG content 4409 _a-0000dad0-1103-8000-05ef-010000010000_2831 Processing reference: Constant.parent
2016-02-03 19:27:00.856 DEBUG content 4409 _a-0000dad0-1103-8000-05ef-010000010000_2831 Processing reference: com.appiancorp.suiteapi.content.ContentRoleMap@ce63ace[
  ContentRole[name=readers,inherit=true,allowForAll=false]
  ContentRole[name=authors,inherit=true,allowForAll=false]
  ContentRole[name=administrators,usernames=[Administrator],inherit=true,allowForAll=false]
  ContentRole[name=denyReaders,inherit=false,allowForAll=false]
  ContentRole[name=denyAuthors,inherit=false,allowForAll=false]
  ContentRole[name=denyAdministrators,inherit=false,allowForAll=false]
  securityVector=143:SEC_PUBLIC=true,SEC_CREATOR_ADMIN=true,SEC_INH_ADMIN=true,SEC_INH_EDITOR=true,SEC_INH_VIEWER=true,SEC_ALL_ADMIN=false,SEC_ALL_EDITOR=false,SEC_ALL_VIEWER=false
]
2016-02-03 19:27:00.857 DEBUG content 4409 _a-0000dad0-1103-8000-05ef-010000010000_2831 Processing reference: ContentRole[name=readers,inherit=true,allowForAll=false]
2016-02-03 19:27:00.857 DEBUG content 4409 _a-0000dad0-1103-8000-05ef-010000010000_2831 Processing reference: ContentRole[name=authors,inherit=true,allowForAll=false]
2016-02-03 19:27:00.857 DEBUG content 4409 _a-0000dad0-1103-8000-05ef-010000010000_2831 Processing reference: ContentRole[name=administrators,usernames=[Administrator],inherit=true,allowForAll=false]
2016-02-03 19:27:00.857 DEBUG content 4409 _a-0000dad0-1103-8000-05ef-010000010000_2831 Processing reference: ContentRole[name=denyReaders,inherit=false,allowForAll=false]
2016-02-03 19:27:00.857 DEBUG content 4409 _a-0000dad0-1103-8000-05ef-010000010000_2831 Processing reference: ContentRole[name=denyAuthors,inherit=false,allowForAll=false]
2016-02-03 19:27:00.857 DEBUG content 4409 _a-0000dad0-1103-8000-05ef-010000010000_2831 Processing reference: ContentRole[name=denyAdministrators,inherit=false,allowForAll=false]
2016-02-03 19:27:00.857 DEBUG content 4409 _a-0000dad0-1103-8000-05ef-010000010000_2831 Exporting binary resources.
2016-02-03 19:27:00.857 DEBUG content 4409 _a-0000dad0-1103-8000-05ef-010000010000_2831 Serializing object to XML.
2016-02-03 19:27:00.859 DEBUG content 4409 _a-0000dad0-1103-8000-05ef-010000010000_2831 Object transported.
2016-02-03 19:27:00.86 DEBUG processModelFolder 25 _g-0000dac5-a267-8000-a072-010000010000_66 Begin transport.
2016-02-03 19:27:00.86 DEBUG processModelFolder 25 _g-0000dac5-a267-8000-a072-010000010000_66 Retrieving object data.
2016-02-03 19:27:00.862 DEBUG processModelFolder 25 _g-0000dac5-a267-8000-a072-010000010000_66 Setting uuids of object references.
2016-02-03 19:27:00.862 DEBUG processModelFolder 25 _g-0000dac5-a267-8000-a072-010000010000_66 Processing reference: ProcessModelFolder.parentFolderId
2016-02-03 19:27:00.862 DEBUG processModelFolder 25 _g-0000dac5-a267-8000-a072-010000010000_66 Processing reference: com.appiancorp.suiteapi.process.ProcessRoleMap@4c7abe18[
  Role[name=ADMIN_OWNER,usernames=[Administrator]]
  Role[name=EDITOR]
  Role[name=EXPLICIT_NONMEMBER]
  Role[name=VIEWER]
  Role[name=MANAGER]
  Role[name=INITIATOR]
]
2016-02-03 19:27:00.862 DEBUG processModelFolder 25 _g-0000dac5-a267-8000-a072-010000010000_66 Processing reference: Role[name=ADMIN_OWNER,usernames=[Administrator]]
2016-02-03 19:27:00.863 DEBUG processModelFolder 25 _g-0000dac5-a267-8000-a072-010000010000_66 Processing reference: Role[name=EDITOR]
2016-02-03 19:27:00.863 DEBUG processModelFolder 25 _g-0000dac5-a267-8000-a072-010000010000_66 Processing reference: Role[name=EXPLICIT_NONMEMBER]
2016-02-03 19:27:00.863 DEBUG processModelFolder 25 _g-0000dac5-a267-8000-a072-010000010000_66 Processing reference: Role[name=VIEWER]
2016-02-03 19:27:00.863 DEBUG processModelFolder 25 _g-0000dac5-a267-8000-a072-010000010000_66 Processing reference: Role[name=MANAGER]
2016-02-03 19:27:00.863 DEBUG processModelFolder 25 _g-0000dac5-a267-8000-a072-010000010000_66 Processing reference: Role[name=INITIATOR]
2016-02-03 19:27:00.863 DEBUG processModelFolder 25 _g-0000dac5-a267-8000-a072-010000010000_66 Exporting binary resources.
2016-02-03 19:27:00.863 DEBUG processModelFolder 25 _g-0000dac5-a267-8000-a072-010000010000_66 Serializing object to XML.
2016-02-03 19:27:00.863 DEBUG processModelFolder 25 _g-0000dac5-a267-8000-a072-010000010000_66 Object transported.
2016-02-03 19:27:00.864 DEBUG processModel 56 0002dac5-ac83-8000-a072-010000010000 Begin transport.
2016-02-03 19:27:00.864 DEBUG processModel 56 0002dac5-ac83-8000-a072-010000010000 Retrieving object data.
2016-02-03 19:27:00.964 DEBUG processModel 56 0002dac5-ac83-8000-a072-010000010000 Setting uuids of object references.
2016-02-03 19:27:00.964 DEBUG processModel 56 0002dac5-ac83-8000-a072-010000010000 Processing reference: ProcessModelHaul.folderId
2016-02-03 19:27:00.965 DEBUG processModel 56 0002dac5-ac83-8000-a072-010000010000 Processing reference: ProcessModelHaul.modelDashboardPageId
2016-02-03 19:27:00.965 DEBUG processModel 56 0002dac5-ac83-8000-a072-010000010000 Processing reference: ProcessModelHaul.processDashboardPageId
2016-02-03 19:27:00.965 DEBUG processModel 56 0002dac5-ac83-8000-a072-010000010000 Processing reference: ProcessModel.emailAttachmentFolderId
2016-02-03 19:27:00.967 DEBUG processModel 56 0002dac5-ac83-8000-a072-010000010000 Processing reference: FormElement[label=Question1]
2016-02-03 19:27:00.967 DEBUG processModel 56 0002dac5-ac83-8000-a072-010000010000 Processing reference: FormElement[label=Question2]
2016-02-03 19:27:00.967 DEBUG processModel 56 0002dac5-ac83-8000-a072-010000010000 Processing reference: FormElement[label=Question3]
2016-02-03 19:27:00.967 DEBUG processModel 56 0002dac5-ac83-8000-a072-010000010000 Processing reference: FormElement[label=Question4]
2016-02-03 19:27:00.967 DEBUG processModel 56 0002dac5-ac83-8000-a072-010000010000 Processing reference: FormElement[label=Question5]
2016-02-03 19:27:00.967 DEBUG processModel 56 0002dac5-ac83-8000-a072-010000010000 Processing reference: FormElement[label=Question6]
2016-02-03 19:27:00.967 DEBUG processModel 56 0002dac5-ac83-8000-a072-010000010000 Processing reference: FormElement[label=Question7]
2016-02-03 19:27:00.967 DEBUG processModel 56 0002dac5-ac83-8000-a072-010000010000 Processing reference: FormElement[label=Question8]
2016-02-03 19:27:00.967 DEBUG processModel 56 0002dac5-ac83-8000-a072-010000010000 Processing reference: FormElement[label=Question9]
2016-02-03 19:27:00.967 DEBUG processModel 56 0002dac5-ac83-8000-a072-010000010000 Processing reference: FormElement[label=Question10]
2016-02-03 19:27:00.967 DEBUG processModel 56 0002dac5-ac83-8000-a072-010000010000 Processing reference: FormElement[label=Question11]
2016-02-03 19:27:00.967 DEBUG processModel 56 0002dac5-ac83-8000-a072-010000010000 Processing reference: FormElement[label=Question12]
2016-02-03 19:27:00.967 DEBUG processModel 56 0002dac5-ac83-8000-a072-010000010000 Processing reference: FormElement[label=Question13]
2016-02-03 19:27:00.967 DEBUG processModel 56 0002dac5-ac83-8000-a072-010000010000 Processing reference: ActivityClassParameter[name=pmID,it=23,v=<null>]
2016-02-03 19:27:00.967 DEBUG processModel 56 0002dac5-ac83-8000-a072-010000010000 Processing reference: ActivityClassParameter[name=inMap,it=111,v={}]
2016-02-03 19:27:00.968 DEBUG processModel 56 0002dac5-ac83-8000-a072-010000010000 Processing reference: ActivityClassParameter[name=procInheritsPriority,it=1,v=1]
2016-02-03 19:27:00.968 DEBUG processModel 56 0002dac5-ac83-8000-a072-010000010000 Processing reference: ActivityClassParameter[name=pmUUID,it=3,v=]
2016-02-03 19:27:00.968 DEBUG processModel 56 0002dac5-ac83-8000-a072-010000010000 Processing reference: ActivityClassParameter[name=isAsynchronous,it=26,v=1]
2016-02-03 19:27:00.968 DEBUG processModel 56 0002dac5-ac83-8000-a072-010000010000 Processing reference: ActivityClassParameter[name=isTransparent,it=26,v=1]
2016-02-03 19:27:00.968 DEBUG processModel 56 0002dac5-ac83-8000-a072-010000010000 Processing reference: ActivityClassParameter[name=inheritSecurity,it=26,v=0]
2016-02-03 19:27:00.968 DEBUG processModel 56 0002dac5-ac83-8000-a072-010000010000 Processing reference: FormElement[label=Modify Process Security]
2016-02-03 19:27:00.968 DEBUG processModel 56 0002dac5-ac83-8000-a072-010000010000 Processing reference: FormElement[label=Administrators]
2016-02-03 19:27:00.968 DEBUG processModel 56 0002dac5-ac83-8000-a072-010000010000 Processing reference: FormElement[label=Editors]
2016-02-03 19:27:00.968 DEBUG processModel 56 0002dac5-ac83-8000-a072-010000010000 Processing reference: FormElement[label=Managers]
2016-02-03 19:27:00.968 DEBUG processModel 56 0002dac5-ac83-8000-a072-010000010000 Processing reference: FormElement[label=Viewers]
2016-02-03 19:27:00.968 DEBUG processModel 56 0002dac5-ac83-8000-a072-010000010000 Processing reference: FormElement[label=Explicit Non Viewers]
2016-02-03 19:27:00.968 DEBUG processModel 56 0002dac5-ac83-8000-a072-010000010000 Processing reference: ActivityClassParameter[name=Administrators,it=127,v={}]
2016-02-03 19:27:00.968 DEBUG processModel 56 0002dac5-ac83-8000-a072-010000010000 Processing reference: ActivityClassParameter[name=Editors,it=127,v={}]
2016-02-03 19:27:00.968 DEBUG processModel 56 0002dac5-ac83-8000-a072-010000010000 Processing reference: ActivityClassParameter[name=Viewers,it=127,v={4096 7}]
2016-02-03 19:27:00.969 DEBUG processModel 56 0002dac5-ac83-8000-a072-010000010000 Processing reference: ActivityClassParameter[name=Initiators,it=127,v={}]
2016-02-03 19:27:00.969 DEBUG processModel 56 0002dac5-ac83-8000-a072-010000010000 Processing reference: ActivityClassParameter[name=Managers,it=127,v={}]
2016-02-03 19:27:00.969 DEBUG processModel 56 0002dac5-ac83-8000-a072-010000010000 Processing reference: ActivityClassParameter[name=Explicit Non Viewers,it=127,v={}]
2016-02-03 19:27:00.969 DEBUG processModel 56 0002dac5-ac83-8000-a072-010000010000 Processing reference: com.appiancorp.suiteapi.process.Assignment$Assignee@121adef
2016-02-03 19:27:00.969 DEBUG processModel 56 0002dac5-ac83-8000-a072-010000010000 Processing reference: ProcessVariable[name=homeImage,it=13,v=<null>]
2016-02-03 19:27:00.97 DEBUG processModel 56 0002dac5-ac83-8000-a072-010000010000 Processing reference: ProcessVariable[name=homeOwnerAddress,it=3,v=]
2016-02-03 19:27:00.97 DEBUG processModel 56 0002dac5-ac83-8000-a072-010000010000 Processing reference: ProcessVariable[name=homeOwnerCity,it=3,v=]
2016-02-03 19:27:00.97 DEBUG processModel 56 0002dac5-ac83-8000-a072-010000010000 Processing reference: ProcessVariable[name=homeOwnerEmail,it=3,v=]
2016-02-03 19:27:00.97 DEBUG processModel 56 0002dac5-ac83-8000-a072-010000010000 Processing reference: ProcessVariable[name=homeOwnerName,it=3,v=]
2016-02-03 19:27:00.97 DEBUG processModel 56 0002dac5-ac83-8000-a072-010000010000 Processing reference: ProcessVariable[name=homeOwnerPostal,it=3,v=]
2016-02-03 19:27:00.97 DEBUG processModel 56 0002dac5-ac83-8000-a072-010000010000 Processing reference: ProcessVariable[name=homeOwnerState,it=3,v=]
2016-02-03 19:27:00.97 DEBUG processModel 56 0002dac5-ac83-8000-a072-010000010000 Processing reference: ProcessVariable[name=homeOwnerTelephoneNumber,it=3,v=]
2016-02-03 19:27:00.97 DEBUG processModel 56 0002dac5-ac83-8000-a072-010000010000 Processing reference: ProcessVariable[name=inspectionDate,it=7,v=<null>]
2016-02-03 19:27:00.97 DEBUG processModel 56 0002dac5-ac83-8000-a072-010000010000 Processing reference: ProcessVariable[name=inspectionType,it=3,v=]
2016-02-03 19:27:00.97 DEBUG processModel 56 0002dac5-ac83-8000-a072-010000010000 Processing reference: ProcessVariable[name=notes,it=3,v=]
2016-02-03 19:27:00.97 DEBUG processModel 56 0002dac5-ac83-8000-a072-010000010000 Processing reference: ProcessVariable[name=requestedBy,it=3,v=]
2016-02-03 19:27:00.97 DEBUG processModel 56 0002dac5-ac83-8000-a072-010000010000 Processing reference: ProcessVariable[name=signature,it=13,v=<null>]
2016-02-03 19:27:00.97 DEBUG processModel 56 0002dac5-ac83-8000-a072-010000010000 Processing reference: com.appiancorp.suiteapi.process.ProcessRoleMap@33d77917[
  Role[name=ADMIN_OWNER,usernames=[Administrator]]
  Role[name=EDITOR]
  Role[name=EXPLICIT_NONMEMBER]
  Role[name=VIEWER,groupIds=[7]]
  Role[name=MANAGER]
  Role[name=INITIATOR]
]
2016-02-03 19:27:00.97 DEBUG processModel 56 0002dac5-ac83-8000-a072-010000010000 Processing reference: Role[name=ADMIN_OWNER,usernames=[Administrator]]
2016-02-03 19:27:00.971 DEBUG processModel 56 0002dac5-ac83-8000-a072-010000010000 Processing reference: Role[name=EDITOR]
2016-02-03 19:27:00.971 DEBUG processModel 56 0002dac5-ac83-8000-a072-010000010000 Processing reference: Role[name=EXPLICIT_NONMEMBER]
2016-02-03 19:27:00.971 DEBUG processModel 56 0002dac5-ac83-8000-a072-010000010000 Processing reference: Role[name=VIEWER,groupIds=[7]]
2016-02-03 19:27:00.971 DEBUG processModel 56 0002dac5-ac83-8000-a072-010000010000 Processing reference: Role[name=MANAGER]
2016-02-03 19:27:00.971 DEBUG processModel 56 0002dac5-ac83-8000-a072-010000010000 Processing reference: Role[name=INITIATOR]
2016-02-03 19:27:00.973 DEBUG processModel 56 0002dac5-ac83-8000-a072-010000010000 Exporting binary resources.
2016-02-03 19:27:00.973 DEBUG processModel 56 0002dac5-ac83-8000-a072-010000010000 Serializing object to XML.
2016-02-03 19:27:00.984 DEBUG processModel 56 0002dac5-ac83-8000-a072-010000010000 Object transported.
2016-02-03 19:27:00.984 DEBUG processModel 57 0003dac6-a2c8-8000-8d66-010000010000 Begin transport.
2016-02-03 19:27:00.984 DEBUG processModel 57 0003dac6-a2c8-8000-8d66-010000010000 Retrieving object data.
2016-02-03 19:27:01.003 DEBUG processModel 57 0003dac6-a2c8-8000-8d66-010000010000 Setting uuids of object references.
2016-02-03 19:27:01.003 DEBUG processModel 57 0003dac6-a2c8-8000-8d66-010000010000 Processing reference: ProcessModelHaul.folderId
2016-02-03 19:27:01.004 DEBUG processModel 57 0003dac6-a2c8-8000-8d66-010000010000 Processing reference: ProcessModelHaul.modelDashboardPageId
2016-02-03 19:27:01.004 DEBUG processModel 57 0003dac6-a2c8-8000-8d66-010000010000 Processing reference: ProcessModelHaul.processDashboardPageId
2016-02-03 19:27:01.004 DEBUG processModel 57 0003dac6-a2c8-8000-8d66-010000010000 Processing reference: ProcessModel.emailAttachmentFolderId
2016-02-03 19:27:01.006 DEBUG processModel 57 0003dac6-a2c8-8000-8d66-010000010000 Processing reference: ActivityClassParameter[name=pmID,it=23,v=<null>]
2016-02-03 19:27:01.006 DEBUG processModel 57 0003dac6-a2c8-8000-8d66-010000010000 Processing reference: ActivityClassParameter[name=inMap,it=111,v={}]
2016-02-03 19:27:01.006 DEBUG processModel 57 0003dac6-a2c8-8000-8d66-010000010000 Processing reference: ActivityClassParameter[name=procInheritsPriority,it=1,v=1]
2016-02-03 19:27:01.006 DEBUG processModel 57 0003dac6-a2c8-8000-8d66-010000010000 Processing reference: ActivityClassParameter[name=pmUUID,it=3,v=]
2016-02-03 19:27:01.006 DEBUG processModel 57 0003dac6-a2c8-8000-8d66-010000010000 Processing reference: ActivityClassParameter[name=isAsynchronous,it=26,v=1]
2016-02-03 19:27:01.006 DEBUG processModel 57 0003dac6-a2c8-8000-8d66-010000010000 Processing reference: ActivityClassParameter[name=isTransparent,it=26,v=1]
2016-02-03 19:27:01.006 DEBUG processModel 57 0003dac6-a2c8-8000-8d66-010000010000 Processing reference: ActivityClassParameter[name=inheritSecurity,it=26,v=0]
2016-02-03 19:27:01.006 DEBUG processModel 57 0003dac6-a2c8-8000-8d66-010000010000 Processing reference: ActivityClassParameter[name=Constant,it=40,v=4407]
2016-02-03 19:27:01.007 DEBUG processModel 57 0003dac6-a2c8-8000-8d66-010000010000 Processing reference: ActivityClassParameter[name=NewValue,it=197,v=<null>]
2016-02-03 19:27:01.008 DEBUG processModel 57 0003dac6-a2c8-8000-8d66-010000010000 Processing reference: com.appiancorp.suiteapi.process.ProcessRoleMap@5b5db3de[
  Role[name=ADMIN_OWNER,groupIds=[8]]
  Role[name=EDITOR,groupIds=[6]]
  Role[name=EXPLICIT_NONMEMBER]
  Role[name=VIEWER]
  Role[name=MANAGER]
  Role[name=INITIATOR,groupIds=[7]]
]
2016-02-03 19:27:01.008 DEBUG processModel 57 0003dac6-a2c8-8000-8d66-010000010000 Processing reference: Role[name=ADMIN_OWNER,groupIds=[8]]
2016-02-03 19:27:01.008 DEBUG processModel 57 0003dac6-a2c8-8000-8d66-010000010000 Processing reference: Role[name=EDITOR,groupIds=[6]]
2016-02-03 19:27:01.009 DEBUG processModel 57 0003dac6-a2c8-8000-8d66-010000010000 Processing reference: Role[name=EXPLICIT_NONMEMBER]
2016-02-03 19:27:01.009 DEBUG processModel 57 0003dac6-a2c8-8000-8d66-010000010000 Processing reference: Role[name=VIEWER]
2016-02-03 19:27:01.009 DEBUG processModel 57 0003dac6-a2c8-8000-8d66-010000010000 Processing reference: Role[name=MANAGER]
2016-02-03 19:27:01.009 DEBUG processModel 57 0003dac6-a2c8-8000-8d66-010000010000 Processing reference: Role[name=INITIATOR,groupIds=[7]]
2016-02-03 19:27:01.012 DEBUG processModel 57 0003dac6-a2c8-8000-8d66-010000010000 Exporting binary resources.
2016-02-03 19:27:01.012 DEBUG processModel 57 0003dac6-a2c8-8000-8d66-010000010000 Serializing object to XML.
2016-02-03 19:27:01.015 DEBUG processModel 57 0003dac6-a2c8-8000-8d66-010000010000 Object transported.
2016-02-03 19:27:01.016 DEBUG recordType 10 687c7860-2c7c-4e19-8d1f-c2104295cce4 Begin transport.
2016-02-03 19:27:01.016 DEBUG recordType 10 687c7860-2c7c-4e19-8d1f-c2104295cce4 Retrieving object data.
2016-02-03 19:27:01.053 DEBUG recordType 10 687c7860-2c7c-4e19-8d1f-c2104295cce4 Setting uuids of object references.
2016-02-03 19:27:01.053 DEBUG recordType 10 687c7860-2c7c-4e19-8d1f-c2104295cce4 Processing reference: RecordType.dataSrcExpr
2016-02-03 19:27:01.053 DEBUG recordType 10 687c7860-2c7c-4e19-8d1f-c2104295cce4 Processing reference: RecordType.defaultFilters
2016-02-03 19:27:01.053 DEBUG recordType 10 687c7860-2c7c-4e19-8d1f-c2104295cce4 Processing reference: RecordType.defaultFiltersExpr
2016-02-03 19:27:01.053 DEBUG recordType 10 687c7860-2c7c-4e19-8d1f-c2104295cce4 Processing reference: DetailViewCfg.headerExpr
2016-02-03 19:27:01.053 DEBUG recordType 10 687c7860-2c7c-4e19-8d1f-c2104295cce4 Processing reference: DetailViewCfg.nameExpr
2016-02-03 19:27:01.053 DEBUG recordType 10 687c7860-2c7c-4e19-8d1f-c2104295cce4 Processing reference: DetailViewCfg.uiExpr
2016-02-03 19:27:01.055 DEBUG recordType 10 687c7860-2c7c-4e19-8d1f-c2104295cce4 Processing reference: DetailViewCfg.visibilityExpr
2016-02-03 19:27:01.055 DEBUG recordType 10 687c7860-2c7c-4e19-8d1f-c2104295cce4 Processing reference: RecordType.facetsListExpr
2016-02-03 19:27:01.055 DEBUG recordType 10 687c7860-2c7c-4e19-8d1f-c2104295cce4 Processing reference: RecordType.listViewTemplateExpr
2016-02-03 19:27:01.055 DEBUG recordType 10 687c7860-2c7c-4e19-8d1f-c2104295cce4 Processing reference: RecordType.source
2016-02-03 19:27:01.057 DEBUG recordType 10 687c7860-2c7c-4e19-8d1f-c2104295cce4 Processing reference: Role[name=record_type_administrator,groupIds=[7]]
2016-02-03 19:27:01.058 DEBUG recordType 10 687c7860-2c7c-4e19-8d1f-c2104295cce4 Processing reference: Role[name=record_type_editor,groupIds=[7]]
2016-02-03 19:27:01.058 DEBUG recordType 10 687c7860-2c7c-4e19-8d1f-c2104295cce4 Processing reference: Role[name=record_type_auditor,groupIds=[7]]
2016-02-03 19:27:01.059 DEBUG recordType 10 687c7860-2c7c-4e19-8d1f-c2104295cce4 Exporting binary resources.
2016-02-03 19:27:01.059 DEBUG recordType 10 687c7860-2c7c-4e19-8d1f-c2104295cce4 Serializing object to XML.
2016-02-03 19:27:01.06 DEBUG recordType 10 687c7860-2c7c-4e19-8d1f-c2104295cce4 Object transported.
2016-02-03 19:27:01.06 DEBUG application 3952 _a-0000dab6-2773-8000-1ebe-010000010000_3288 Exporting binary resources.
2016-02-03 19:27:01.06 DEBUG application 3952 _a-0000dab6-2773-8000-1ebe-010000010000_3288 Serializing object to XML.
2016-02-03 19:27:01.243 DEBUG application 3952 _a-0000dab6-2773-8000-1ebe-010000010000_3288 Object transported.
